<?xml version="1.0" encoding="UTF-8"?>
<!-- Generated by org.testng.reporters.JUnitReportReporter -->
<testsuite hostname="LTIN293420" failures="0" tests="3" name="testCases.TC_003_LoanCalculatorDDT" time="49.029" errors="0" timestamp="2024-03-05T13:00:41 IST" skipped="0">
  <testcase classname="testCases.TC_003_LoanCalculatorDDT" name="LoanCalculatorTest" time="21.551"/>
  <testcase classname="testCases.TC_003_LoanCalculatorDDT" name="LoanAmountCalculatorTest" time="14.337"/>
  <testcase classname="testCases.TC_003_LoanCalculatorDDT" name="LoanTentureCalculatorTest" time="13.141"/>
</testsuite> <!-- testCases.TC_003_LoanCalculatorDDT -->
