<?xml version="1.0" encoding="UTF-8"?>
<!-- Generated by org.testng.reporters.JUnitReportReporter -->
<testsuite hostname="LTIN293420" failures="0" tests="3" name="testCases.TC_003_LoanCalculatorDDT" time="59.002" errors="0" timestamp="2024-03-05T12:55:13 IST" skipped="0">
  <testcase classname="testCases.TC_003_LoanCalculatorDDT" name="LoanCalculatorTest" time="31.486"/>
  <testcase classname="testCases.TC_003_LoanCalculatorDDT" name="LoanAmountCalculatorTest" time="13.957"/>
  <testcase classname="testCases.TC_003_LoanCalculatorDDT" name="LoanTentureCalculatorTest" time="13.559"/>
</testsuite> <!-- testCases.TC_003_LoanCalculatorDDT -->
