<?xml version="1.0" encoding="UTF-8"?>
<!-- Generated by org.testng.reporters.JUnitReportReporter -->
<testsuite hostname="LTIN293420" failures="0" tests="1" name="smokeTestCases.TC_004_ValidLandingPageTitleTest" time="1.220" errors="0" timestamp="2024-03-05T12:55:13 IST" skipped="0">
  <testcase classname="smokeTestCases.TC_004_ValidLandingPageTitleTest" name="validLandingPage" time="1.220"/>
</testsuite> <!-- smokeTestCases.TC_004_ValidLandingPageTitleTest -->
